[35m[Appium][39m Welcome to Appium v1.18.0
[35m[Appium][39m Non-default server args:
[35m[Appium][39m   port: 60593
[35m[Appium][39m   loglevel: info
[35m[Appium][39m   tmpDir: C:\Users\asd_b\AppData\Local\Temp\\Katalon\Appium\Temp1596099183572
[35m[Appium][39m   chromedriverPort: 60595
[35m[Appium][39m Deprecated server args:
[35m[Appium][39m   [31m--chromedriver-port[39m => --default-capabilities '{"chromedriverPort":60595}'
[35m[Appium][39m Default capabilities, which will be added to each request unless overridden by desired capabilities:
[35m[Appium][39m   chromedriverPort: 60595
[35m[Appium][39m Appium REST http interface listener started on 0.0.0.0:60593
[35m[HTTP][39m [37m-->[39m [37mGET[39m [37m/wd/hub/status[39m
[35m[HTTP][39m [90m{}[39m
[35m[HTTP][39m [37m<-- GET /wd/hub/status [39m[32m200[39m [90m5 ms - 68[39m
[35m[HTTP][39m [90m[39m
[35m[HTTP][39m [37m-->[39m [37mGET[39m [37m/wd/hub/status[39m
[35m[HTTP][39m [90m{}[39m
[35m[HTTP][39m [37m<-- GET /wd/hub/status [39m[32m200[39m [90m1 ms - 68[39m
[35m[HTTP][39m [90m[39m
[35m[HTTP][39m [37m-->[39m [37mPOST[39m [37m/wd/hub/session[39m
[35m[HTTP][39m [90m{"desiredCapabilities":{"appActivity":".Settings","appPackage":"com.android.settings","newCommandTimeout":1800,"platformVersion":"10","automationName":"uiautomator2","autoGrantPermissions":true,"platformName":"Android","udid":"emulator-5554","deviceName":"emulator-5554 (Android SDK built for x86_64 - Android 10)","platform":"ANDROID","systemPort":8260},"capabilities":{"firstMatch":[{"appium:appActivity":".Settings","appium:appPackage":"com.android.settings","appium:autoGrantPermissions":true,"appium:automationName":"uiautomator2","appium:deviceName":"emulator-5554 (Android SDK built for x86_64 - Android 10)","appium:newCommandTimeout":1800,"platform":"ANDROID","platformName":"android","appium:platformVersion":"10","appium:systemPort":8260,"appium:udid":"emulator-5554"}]}}[39m
[35m[BaseDriver][39m The following capabilities are not standard capabilities and should have an extension prefix:
[35m[BaseDriver][39m   platform
[35m[BaseDriver][39m   chromedriverPort
[35m[Appium][39m Appium v1.18.0 creating new AndroidUiautomator2Driver (v1.56.1) session
[35m[BaseDriver][39m The following capabilities were provided, but are not recognized by Appium:
[35m[BaseDriver][39m   platform
[35m[BaseDriver][39m Session created with session id: b7148e07-53c8-430c-a968-19148c9357f4
[35m[UiAutomator2][39m Starting 'com.android.settings' directly on the device
[35m[ADB][39m Found 1 'build-tools' folders under 'C:\Users\asd_b\.katalon\tools\android_sdk' (newest first):
[35m[ADB][39m     C:/Users/asd_b/.katalon/tools/android_sdk/build-tools/29.0.3
[35m[ADB][39m Using 'adb.exe' from 'C:\Users\asd_b\.katalon\tools\android_sdk\platform-tools\adb.exe'
[35m[AndroidDriver][39m Retrieving device list
[35m[AndroidDriver][39m Using device: emulator-5554
[35m[ADB][39m Using 'adb.exe' from 'C:\Users\asd_b\.katalon\tools\android_sdk\platform-tools\adb.exe'
[35m[ADB][39m Getting device platform version
[35m[UiAutomator2][39m Relaxing hidden api policy
[35m[AndroidDriver][39m No app sent in, not parsing package/activity
[35m[ADB][39m Using 'apksigner.jar' from 'C:\Users\asd_b\.katalon\tools\android_sdk\build-tools\29.0.3\lib\apksigner.jar'
[35m[UiAutomator2][39m Server packages are not going to be (re)installed
[35m[UiAutomator2][39m Starting UIAutomator2 server 4.11.0
[35m[UiAutomator2][39m Using UIAutomator2 server from 'C:\Users\asd_b\AppData\Roaming\npm\node_modules\appium\node_modules\appium-uiautomator2-server\apks\appium-uiautomator2-server-v4.11.0.apk' and test from 'C:\Users\asd_b\AppData\Roaming\npm\node_modules\appium\node_modules\appium-uiautomator2-server\apks\appium-uiautomator2-server-debug-androidTest.apk'
[35m[UiAutomator2][39m Waiting up to 30000ms for UiAutomator2 to be online...
[35m[WD Proxy][39m socket hang up
[35m[WD Proxy][39m socket hang up
[35m[WD Proxy][39m Determined the downstream protocol as 'W3C'
[35m[AndroidDriver][39m Screen already unlocked, doing nothing
[35m[UiAutomator2][39m Starting 'com.android.settings/.Settings and waiting for 'com.android.settings/.Settings'
[35m[Appium][39m New AndroidUiautomator2Driver session created successfully, session b7148e07-53c8-430c-a968-19148c9357f4 added to master session list
[35m[HTTP][39m [37m<-- POST /wd/hub/session [39m[32m200[39m [90m6623 ms - 1212[39m
[35m[HTTP][39m [90m[39m
[35m[HTTP][39m [37m-->[39m [37mGET[39m [37m/wd/hub/session/b7148e07-53c8-430c-a968-19148c9357f4[39m
[35m[HTTP][39m [90m{}[39m
[35m[HTTP][39m [37m<-- GET /wd/hub/session/b7148e07-53c8-430c-a968-19148c9357f4 [39m[32m200[39m [90m8 ms - 1166[39m
[35m[HTTP][39m [90m[39m
[35m[HTTP][39m [37m-->[39m [37mGET[39m [37m/wd/hub/session/b7148e07-53c8-430c-a968-19148c9357f4[39m
[35m[HTTP][39m [90m{}[39m
[35m[HTTP][39m [37m<-- GET /wd/hub/session/b7148e07-53c8-430c-a968-19148c9357f4 [39m[32m200[39m [90m10 ms - 1166[39m
[35m[HTTP][39m [90m[39m
[35m[HTTP][39m [37m-->[39m [37mGET[39m [37m/wd/hub/status[39m
[35m[HTTP][39m [90m{}[39m
[35m[HTTP][39m [37m<-- GET /wd/hub/status [39m[32m200[39m [90m1 ms - 68[39m
[35m[HTTP][39m [90m[39m
[35m[HTTP][39m [37m-->[39m [37mPOST[39m [37m/wd/hub/session/b7148e07-53c8-430c-a968-19148c9357f4/timeouts[39m
[35m[HTTP][39m [90m{"implicit":60000}[39m
[35m[HTTP][39m [37m<-- POST /wd/hub/session/b7148e07-53c8-430c-a968-19148c9357f4/timeouts [39m[32m200[39m [90m4 ms - 14[39m
[35m[HTTP][39m [90m[39m
[35m[HTTP][39m [37m-->[39m [37mPOST[39m [37m/wd/hub/session/b7148e07-53c8-430c-a968-19148c9357f4/appium/device/activate_app[39m
[35m[HTTP][39m [90m{"bundleId":"id.flip"}[39m
[35m[HTTP][39m [37m<-- POST /wd/hub/session/b7148e07-53c8-430c-a968-19148c9357f4/appium/device/activate_app [39m[32m200[39m [90m1154 ms - 14[39m
[35m[HTTP][39m [90m[39m
[35m[HTTP][39m [37m-->[39m [37mGET[39m [37m/wd/hub/session/b7148e07-53c8-430c-a968-19148c9357f4/source[39m
[35m[HTTP][39m [90m{}[39m
[35m[W3C (b7148e07)][39m Driver proxy active, passing request on via HTTP proxy
[35m[WD Proxy][39m Replacing sessionId ac732136-ca11-42c5-88ec-5b7c278c54ae with b7148e07-53c8-430c-a968-19148c9357f4
[35m[HTTP][39m [37m<-- GET /wd/hub/session/b7148e07-53c8-430c-a968-19148c9357f4/source [39m[32m200[39m [90m844 ms - 24060[39m
[35m[HTTP][39m [90m[39m
[35m[HTTP][39m [37m-->[39m [37mGET[39m [37m/wd/hub/session/b7148e07-53c8-430c-a968-19148c9357f4/screenshot[39m
[35m[HTTP][39m [90m{}[39m
[35m[HTTP][39m [37m<-- GET /wd/hub/session/b7148e07-53c8-430c-a968-19148c9357f4/screenshot [39m[32m200[39m [90m333 ms - 186822[39m
[35m[HTTP][39m [90m[39m
[35m[HTTP][39m [37m-->[39m [37mGET[39m [37m/wd/hub/session/b7148e07-53c8-430c-a968-19148c9357f4/source[39m
[35m[HTTP][39m [90m{}[39m
[35m[W3C (b7148e07)][39m Driver proxy active, passing request on via HTTP proxy
[35m[WD Proxy][39m Replacing sessionId ac732136-ca11-42c5-88ec-5b7c278c54ae with b7148e07-53c8-430c-a968-19148c9357f4
[35m[HTTP][39m [37m<-- GET /wd/hub/session/b7148e07-53c8-430c-a968-19148c9357f4/source [39m[32m200[39m [90m189 ms - 24060[39m
[35m[HTTP][39m [90m[39m
[35m[HTTP][39m [37m-->[39m [37mGET[39m [37m/wd/hub/session/b7148e07-53c8-430c-a968-19148c9357f4/screenshot[39m
[35m[HTTP][39m [90m{}[39m
[35m[HTTP][39m [37m<-- GET /wd/hub/session/b7148e07-53c8-430c-a968-19148c9357f4/screenshot [39m[32m200[39m [90m290 ms - 186666[39m
[35m[HTTP][39m [90m[39m
[35m[HTTP][39m [37m-->[39m [37mPOST[39m [37m/wd/hub/session/b7148e07-53c8-430c-a968-19148c9357f4/elements[39m
[35m[HTTP][39m [90m{"using":"-android uiautomator","value":"new UiSelector().className(\"android.widget.EditText\").text(\"5875294358\").packageName(\"id.flip\").enabled(true).clickable(true).longClickable(true).checkable(false).checked(false).focusable(true).focused(false).scrollable(false).selected(false).index(0)"}[39m
[35m[HTTP][39m [37m<-- POST /wd/hub/session/b7148e07-53c8-430c-a968-19148c9357f4/elements [39m[32m200[39m [90m57 ms - 139[39m
[35m[HTTP][39m [90m[39m
[35m[HTTP][39m [37m-->[39m [37mPOST[39m [37m/wd/hub/session/b7148e07-53c8-430c-a968-19148c9357f4/elements[39m
[35m[HTTP][39m [90m{"using":"-android uiautomator","value":"new UiSelector().className(\"android.widget.EditText\").text(\"5875294358\").packageName(\"id.flip\").enabled(true).clickable(true).longClickable(true).checkable(false).checked(false).focusable(true).focused(false).scrollable(false).selected(false).index(0)"}[39m
[35m[HTTP][39m [37m<-- POST /wd/hub/session/b7148e07-53c8-430c-a968-19148c9357f4/elements [39m[32m200[39m [90m44 ms - 139[39m
[35m[HTTP][39m [90m[39m
[35m[HTTP][39m [37m-->[39m [37mPOST[39m [37m/wd/hub/session/b7148e07-53c8-430c-a968-19148c9357f4/elements[39m
[35m[HTTP][39m [90m{"using":"xpath","value":"//hierarchy/android.widget.FrameLayout[1]/android.widget.LinearLayout[1]/android.widget.FrameLayout[1]/android.widget.LinearLayout[1]/android.widget.FrameLayout[1]/android.widget.FrameLayout[1]/android.view.ViewGroup[1]/android.view.ViewGroup[1]/android.view.ViewGroup[1]/android.view.ViewGroup[1]/android.view.ViewGroup[1]/android.view.ViewGroup[2]/android.widget.ScrollView[1]/android.view.ViewGroup[1]/android.view.ViewGroup[1]/android.view.ViewGroup[8]/android.view.ViewGroup[1]/android.view.ViewGroup[1]/android.widget.EditText[1]"}[39m
[35m[HTTP][39m [37m<-- POST /wd/hub/session/b7148e07-53c8-430c-a968-19148c9357f4/elements [39m[32m200[39m [90m260 ms - 139[39m
[35m[HTTP][39m [90m[39m
[35m[HTTP][39m [37m-->[39m [37mGET[39m [37m/wd/hub/session/b7148e07-53c8-430c-a968-19148c9357f4/element/ba8a2b69-b796-4840-a748-2ad81535c253/location[39m
[35m[HTTP][39m [90m{}[39m
[35m[W3C (b7148e07)][39m Driver proxy active, passing request on via HTTP proxy
[35m[WD Proxy][39m Replacing sessionId ac732136-ca11-42c5-88ec-5b7c278c54ae with b7148e07-53c8-430c-a968-19148c9357f4
[35m[HTTP][39m [37m<-- GET /wd/hub/session/b7148e07-53c8-430c-a968-19148c9357f4/element/ba8a2b69-b796-4840-a748-2ad81535c253/location [39m[32m200[39m [90m14 ms - 78[39m
[35m[HTTP][39m [90m[39m
[35m[HTTP][39m [37m-->[39m [37mGET[39m [37m/wd/hub/session/b7148e07-53c8-430c-a968-19148c9357f4/element/ba8a2b69-b796-4840-a748-2ad81535c253/size[39m
[35m[HTTP][39m [90m{}[39m
[35m[W3C (b7148e07)][39m Driver proxy active, passing request on via HTTP proxy
[35m[WD Proxy][39m Replacing sessionId ac732136-ca11-42c5-88ec-5b7c278c54ae with b7148e07-53c8-430c-a968-19148c9357f4
[35m[HTTP][39m [37m<-- GET /wd/hub/session/b7148e07-53c8-430c-a968-19148c9357f4/element/ba8a2b69-b796-4840-a748-2ad81535c253/size [39m[32m200[39m [90m13 ms - 87[39m
[35m[HTTP][39m [90m[39m
[35m[HTTP][39m [37m-->[39m [37mGET[39m [37m/wd/hub/session/b7148e07-53c8-430c-a968-19148c9357f4/source[39m
[35m[HTTP][39m [90m{}[39m
[35m[W3C (b7148e07)][39m Driver proxy active, passing request on via HTTP proxy
[35m[WD Proxy][39m Replacing sessionId ac732136-ca11-42c5-88ec-5b7c278c54ae with b7148e07-53c8-430c-a968-19148c9357f4
[35m[HTTP][39m [37m<-- GET /wd/hub/session/b7148e07-53c8-430c-a968-19148c9357f4/source [39m[32m200[39m [90m288 ms - 35775[39m
[35m[HTTP][39m [90m[39m
[35m[HTTP][39m [37m-->[39m [37mGET[39m [37m/wd/hub/session/b7148e07-53c8-430c-a968-19148c9357f4/screenshot[39m
[35m[HTTP][39m [90m{}[39m
[35m[HTTP][39m [37m<-- GET /wd/hub/session/b7148e07-53c8-430c-a968-19148c9357f4/screenshot [39m[32m200[39m [90m409 ms - 253752[39m
[35m[HTTP][39m [90m[39m
[35m[HTTP][39m [37m-->[39m [37mPOST[39m [37m/wd/hub/session/b7148e07-53c8-430c-a968-19148c9357f4/elements[39m
[35m[HTTP][39m [90m{"using":"-android uiautomator","value":"new UiSelector().className(\"android.widget.TextView\").text(\"Akun\").packageName(\"id.flip\").enabled(true).clickable(false).longClickable(false).checkable(false).checked(false).focusable(false).focused(false).scrollable(false).selected(false).index(2)"}[39m
[35m[HTTP][39m [37m<-- POST /wd/hub/session/b7148e07-53c8-430c-a968-19148c9357f4/elements [39m[32m200[39m [90m61 ms - 139[39m
[35m[HTTP][39m [90m[39m
[35m[HTTP][39m [37m-->[39m [37mPOST[39m [37m/wd/hub/session/b7148e07-53c8-430c-a968-19148c9357f4/elements[39m
[35m[HTTP][39m [90m{"using":"-android uiautomator","value":"new UiSelector().className(\"android.widget.TextView\").text(\"Akun\").packageName(\"id.flip\").enabled(true).clickable(false).longClickable(false).checkable(false).checked(false).focusable(false).focused(false).scrollable(false).selected(false).index(2)"}[39m
[35m[HTTP][39m [37m<-- POST /wd/hub/session/b7148e07-53c8-430c-a968-19148c9357f4/elements [39m[32m200[39m [90m56 ms - 139[39m
[35m[HTTP][39m [90m[39m
[35m[HTTP][39m [37m-->[39m [37mGET[39m [37m/wd/hub/session/b7148e07-53c8-430c-a968-19148c9357f4/element/d9ccd777-c9ba-4572-8986-a2444f4e7909/location[39m
[35m[HTTP][39m [90m{}[39m
[35m[W3C (b7148e07)][39m Driver proxy active, passing request on via HTTP proxy
[35m[WD Proxy][39m Replacing sessionId ac732136-ca11-42c5-88ec-5b7c278c54ae with b7148e07-53c8-430c-a968-19148c9357f4
[35m[HTTP][39m [37m<-- GET /wd/hub/session/b7148e07-53c8-430c-a968-19148c9357f4/element/d9ccd777-c9ba-4572-8986-a2444f4e7909/location [39m[32m200[39m [90m26 ms - 79[39m
[35m[HTTP][39m [90m[39m
[35m[HTTP][39m [37m-->[39m [37mGET[39m [37m/wd/hub/session/b7148e07-53c8-430c-a968-19148c9357f4/element/d9ccd777-c9ba-4572-8986-a2444f4e7909/size[39m
[35m[HTTP][39m [90m{}[39m
[35m[W3C (b7148e07)][39m Driver proxy active, passing request on via HTTP proxy
[35m[WD Proxy][39m Replacing sessionId ac732136-ca11-42c5-88ec-5b7c278c54ae with b7148e07-53c8-430c-a968-19148c9357f4
[35m[HTTP][39m [37m<-- GET /wd/hub/session/b7148e07-53c8-430c-a968-19148c9357f4/element/d9ccd777-c9ba-4572-8986-a2444f4e7909/size [39m[32m200[39m [90m28 ms - 85[39m
[35m[HTTP][39m [90m[39m
[35m[HTTP][39m [37m-->[39m [37mPOST[39m [37m/wd/hub/session/b7148e07-53c8-430c-a968-19148c9357f4/elements[39m
[35m[HTTP][39m [90m{"using":"-android uiautomator","value":"new UiSelector().className(\"android.widget.TextView\").text(\"Akun\").packageName(\"id.flip\").enabled(true).clickable(false).longClickable(false).checkable(false).checked(false).focusable(false).focused(false).scrollable(false).selected(false).index(2)"}[39m
[35m[HTTP][39m [37m<-- POST /wd/hub/session/b7148e07-53c8-430c-a968-19148c9357f4/elements [39m[32m200[39m [90m54 ms - 139[39m
[35m[HTTP][39m [90m[39m
[35m[HTTP][39m [37m-->[39m [37mGET[39m [37m/wd/hub/session/b7148e07-53c8-430c-a968-19148c9357f4/element/74222bfb-9875-4309-ab14-ede21a53ac19/location[39m
[35m[HTTP][39m [90m{}[39m
[35m[W3C (b7148e07)][39m Driver proxy active, passing request on via HTTP proxy
[35m[WD Proxy][39m Replacing sessionId ac732136-ca11-42c5-88ec-5b7c278c54ae with b7148e07-53c8-430c-a968-19148c9357f4
[35m[HTTP][39m [37m<-- GET /wd/hub/session/b7148e07-53c8-430c-a968-19148c9357f4/element/74222bfb-9875-4309-ab14-ede21a53ac19/location [39m[32m200[39m [90m24 ms - 79[39m
[35m[HTTP][39m [90m[39m
[35m[HTTP][39m [37m-->[39m [37mGET[39m [37m/wd/hub/session/b7148e07-53c8-430c-a968-19148c9357f4/element/74222bfb-9875-4309-ab14-ede21a53ac19/size[39m
[35m[HTTP][39m [90m{}[39m
[35m[W3C (b7148e07)][39m Driver proxy active, passing request on via HTTP proxy
[35m[WD Proxy][39m Replacing sessionId ac732136-ca11-42c5-88ec-5b7c278c54ae with b7148e07-53c8-430c-a968-19148c9357f4
[35m[HTTP][39m [37m<-- GET /wd/hub/session/b7148e07-53c8-430c-a968-19148c9357f4/element/74222bfb-9875-4309-ab14-ede21a53ac19/size [39m[32m200[39m [90m23 ms - 85[39m
[35m[HTTP][39m [90m[39m
[35m[HTTP][39m [37m-->[39m [37mGET[39m [37m/wd/hub/session/b7148e07-53c8-430c-a968-19148c9357f4/source[39m
[35m[HTTP][39m [90m{}[39m
[35m[W3C (b7148e07)][39m Driver proxy active, passing request on via HTTP proxy
[35m[WD Proxy][39m Replacing sessionId ac732136-ca11-42c5-88ec-5b7c278c54ae with b7148e07-53c8-430c-a968-19148c9357f4
[35m[HTTP][39m [37m<-- GET /wd/hub/session/b7148e07-53c8-430c-a968-19148c9357f4/source [39m[32m200[39m [90m147 ms - 22740[39m
[35m[HTTP][39m [90m[39m
[35m[HTTP][39m [37m-->[39m [37mGET[39m [37m/wd/hub/session/b7148e07-53c8-430c-a968-19148c9357f4/screenshot[39m
[35m[HTTP][39m [90m{}[39m
[35m[HTTP][39m [37m<-- GET /wd/hub/session/b7148e07-53c8-430c-a968-19148c9357f4/screenshot [39m[32m200[39m [90m347 ms - 134534[39m
[35m[HTTP][39m [90m[39m
[35m[HTTP][39m [37m-->[39m [37mPOST[39m [37m/wd/hub/session/b7148e07-53c8-430c-a968-19148c9357f4/elements[39m
[35m[HTTP][39m [90m{"using":"-android uiautomator","value":"new UiSelector().className(\"android.widget.TextView\").text(\" Keluar \").packageName(\"id.flip\").enabled(true).clickable(false).longClickable(false).checkable(false).checked(false).focusable(false).focused(false).scrollable(false).selected(false).index(0)"}[39m
[35m[HTTP][39m [37m<-- POST /wd/hub/session/b7148e07-53c8-430c-a968-19148c9357f4/elements [39m[32m200[39m [90m49 ms - 139[39m
[35m[HTTP][39m [90m[39m
[35m[HTTP][39m [37m-->[39m [37mGET[39m [37m/wd/hub/session/b7148e07-53c8-430c-a968-19148c9357f4/source[39m
[35m[HTTP][39m [90m{}[39m
[35m[W3C (b7148e07)][39m Driver proxy active, passing request on via HTTP proxy
[35m[WD Proxy][39m Replacing sessionId ac732136-ca11-42c5-88ec-5b7c278c54ae with b7148e07-53c8-430c-a968-19148c9357f4
[35m[HTTP][39m [37m<-- GET /wd/hub/session/b7148e07-53c8-430c-a968-19148c9357f4/source [39m[32m200[39m [90m53 ms - 7036[39m
[35m[HTTP][39m [90m[39m
[35m[HTTP][39m [37m-->[39m [37mGET[39m [37m/wd/hub/session/b7148e07-53c8-430c-a968-19148c9357f4/screenshot[39m
[35m[HTTP][39m [90m{}[39m
[35m[HTTP][39m [37m<-- GET /wd/hub/session/b7148e07-53c8-430c-a968-19148c9357f4/screenshot [39m[32m200[39m [90m304 ms - 133610[39m
[35m[HTTP][39m [90m[39m
[35m[HTTP][39m [37m-->[39m [37mPOST[39m [37m/wd/hub/session/b7148e07-53c8-430c-a968-19148c9357f4/elements[39m
[35m[HTTP][39m [90m{"using":"id","value":"android:id/button1"}[39m
[35m[HTTP][39m [37m<-- POST /wd/hub/session/b7148e07-53c8-430c-a968-19148c9357f4/elements [39m[32m200[39m [90m18 ms - 139[39m
[35m[HTTP][39m [90m[39m
[35m[HTTP][39m [37m-->[39m [37mGET[39m [37m/wd/hub/session/b7148e07-53c8-430c-a968-19148c9357f4/source[39m
[35m[HTTP][39m [90m{}[39m
[35m[W3C (b7148e07)][39m Driver proxy active, passing request on via HTTP proxy
[35m[WD Proxy][39m Replacing sessionId ac732136-ca11-42c5-88ec-5b7c278c54ae with b7148e07-53c8-430c-a968-19148c9357f4
[35m[HTTP][39m [37m<-- GET /wd/hub/session/b7148e07-53c8-430c-a968-19148c9357f4/source [39m[32m200[39m [90m80 ms - 12343[39m
[35m[HTTP][39m [90m[39m
[35m[HTTP][39m [37m-->[39m [37mGET[39m [37m/wd/hub/session/b7148e07-53c8-430c-a968-19148c9357f4/screenshot[39m
[35m[HTTP][39m [90m{}[39m
[35m[HTTP][39m [37m<-- GET /wd/hub/session/b7148e07-53c8-430c-a968-19148c9357f4/screenshot [39m[32m200[39m [90m351 ms - 315630[39m
[35m[HTTP][39m [90m[39m
[35m[HTTP][39m [37m-->[39m [37mDELETE[39m [37m/wd/hub/session/b7148e07-53c8-430c-a968-19148c9357f4[39m
[35m[HTTP][39m [90m{}[39m
[35m[Appium][39m Removing session b7148e07-53c8-430c-a968-19148c9357f4 from our master session list
[35m[UiAutomator2][39m Restoring hidden api policy to the device default configuration
[35m[HTTP][39m [37m<-- DELETE /wd/hub/session/b7148e07-53c8-430c-a968-19148c9357f4 [39m[32m200[39m [90m246 ms - 14[39m
[35m[HTTP][39m [90m[39m
